<?xml version="1.0" encoding="UTF-8"?>
<testng-results skipped="0" failed="0" ignored="0" total="2" passed="2">
  <reporter-output>
  </reporter-output>
  <suite name="search-module" duration-ms="54666" started-at="2021-12-09T23:03:56Z" finished-at="2021-12-09T23:04:50Z">
    <groups>
    </groups>
    <test name="search-test-java" duration-ms="48785" started-at="2021-12-09T23:03:56Z" finished-at="2021-12-09T23:04:44Z">
      <class name="com.searchmodule.tests.SearchTest">
        <test-method status="PASS" signature="SetupDriver()[pri:0, instance:com.searchmodule.tests.SearchTest@2a18f23c]" name="SetupDriver" is-config="true" duration-ms="44165" started-at="2021-12-09T23:03:56Z" finished-at="2021-12-09T23:04:40Z">
          <reporter-output>
          </reporter-output>
        </test-method> <!-- SetupDriver -->
        <test-method status="PASS" signature="search(java.lang.String)[pri:0, instance:com.searchmodule.tests.SearchTest@2a18f23c]" name="search" duration-ms="4490" started-at="2021-12-09T23:04:40Z" finished-at="2021-12-09T23:04:44Z">
          <params>
            <param index="0">
              <value>
                <![CDATA[java]]>
              </value>
            </param>
          </params>
          <reporter-output>
          </reporter-output>
        </test-method> <!-- search -->
        <test-method status="PASS" signature="quitBrowser()[pri:0, instance:com.searchmodule.tests.SearchTest@2a18f23c]" name="quitBrowser" is-config="true" duration-ms="69" started-at="2021-12-09T23:04:44Z" finished-at="2021-12-09T23:04:44Z">
          <reporter-output>
          </reporter-output>
        </test-method> <!-- quitBrowser -->
      </class> <!-- com.searchmodule.tests.SearchTest -->
    </test> <!-- search-test-java -->
    <test name="search-test-qa" duration-ms="5802" started-at="2021-12-09T23:04:44Z" finished-at="2021-12-09T23:04:50Z">
      <class name="com.searchmodule.tests.SearchTest">
        <test-method status="PASS" signature="SetupDriver()[pri:0, instance:com.searchmodule.tests.SearchTest@129a8472]" name="SetupDriver" is-config="true" duration-ms="660" started-at="2021-12-09T23:04:44Z" finished-at="2021-12-09T23:04:45Z">
          <reporter-output>
          </reporter-output>
        </test-method> <!-- SetupDriver -->
        <test-method status="PASS" signature="search(java.lang.String)[pri:0, instance:com.searchmodule.tests.SearchTest@129a8472]" name="search" duration-ms="5079" started-at="2021-12-09T23:04:45Z" finished-at="2021-12-09T23:04:50Z">
          <params>
            <param index="0">
              <value>
                <![CDATA[qa]]>
              </value>
            </param>
          </params>
          <reporter-output>
          </reporter-output>
        </test-method> <!-- search -->
        <test-method status="PASS" signature="quitBrowser()[pri:0, instance:com.searchmodule.tests.SearchTest@129a8472]" name="quitBrowser" is-config="true" duration-ms="62" started-at="2021-12-09T23:04:50Z" finished-at="2021-12-09T23:04:50Z">
          <reporter-output>
          </reporter-output>
        </test-method> <!-- quitBrowser -->
      </class> <!-- com.searchmodule.tests.SearchTest -->
    </test> <!-- search-test-qa -->
  </suite> <!-- search-module -->
</testng-results>
