<?xml version="1.0" encoding="UTF-8"?>
<testng-results skipped="0" failed="0" ignored="0" total="20" passed="20">
  <reporter-output>
  </reporter-output>
  <suite name="book-flight-module" duration-ms="43398" started-at="2021-12-09T23:03:55Z" finished-at="2021-12-09T23:04:38Z">
    <groups>
    </groups>
    <test name="book-flight-4" duration-ms="8672" started-at="2021-12-09T23:03:55Z" finished-at="2021-12-09T23:04:04Z">
      <class name="com.newtours.tests.BookFlightTest">
        <test-method status="PASS" signature="SetupDriver()[pri:0, instance:com.newtours.tests.BookFlightTest@1e643faf]" name="SetupDriver" is-config="true" duration-ms="2246" started-at="2021-12-09T23:03:55Z" finished-at="2021-12-09T23:03:57Z">
          <reporter-output>
          </reporter-output>
        </test-method> <!-- SetupDriver -->
        <test-method status="PASS" signature="setupParameters(java.lang.String, java.lang.String)[pri:0, instance:com.newtours.tests.BookFlightTest@1e643faf]" name="setupParameters" is-config="true" duration-ms="2" started-at="2021-12-09T23:03:57Z" depends-on-methods="com.tests.BaseTest.SetupDriver" finished-at="2021-12-09T23:03:57Z">
          <params>
            <param index="0">
              <value>
                <![CDATA[4]]>
              </value>
            </param>
            <param index="1">
              <value>
                <![CDATA[$2338 USD]]>
              </value>
            </param>
          </params>
          <reporter-output>
          </reporter-output>
        </test-method> <!-- setupParameters -->
        <test-method status="PASS" signature="registrationPage()[pri:0, instance:com.newtours.tests.BookFlightTest@1e643faf]" name="registrationPage" duration-ms="3974" started-at="2021-12-09T23:03:57Z" finished-at="2021-12-09T23:04:01Z">
          <reporter-output>
          </reporter-output>
        </test-method> <!-- registrationPage -->
        <test-method status="PASS" signature="registrationConfirmationPage()[pri:0, instance:com.newtours.tests.BookFlightTest@1e643faf]" name="registrationConfirmationPage" duration-ms="160" started-at="2021-12-09T23:04:01Z" depends-on-methods="com.newtours.tests.BookFlightTest.registrationPage" finished-at="2021-12-09T23:04:01Z">
          <reporter-output>
          </reporter-output>
        </test-method> <!-- registrationConfirmationPage -->
        <test-method status="PASS" signature="flightDetailsPage()[pri:0, instance:com.newtours.tests.BookFlightTest@1e643faf]" name="flightDetailsPage" duration-ms="1480" started-at="2021-12-09T23:04:01Z" depends-on-methods="com.newtours.tests.BookFlightTest.registrationConfirmationPage" finished-at="2021-12-09T23:04:03Z">
          <reporter-output>
          </reporter-output>
        </test-method> <!-- flightDetailsPage -->
        <test-method status="PASS" signature="findFlightPage()[pri:0, instance:com.newtours.tests.BookFlightTest@1e643faf]" name="findFlightPage" duration-ms="431" started-at="2021-12-09T23:04:03Z" depends-on-methods="com.newtours.tests.BookFlightTest.flightDetailsPage" finished-at="2021-12-09T23:04:03Z">
          <reporter-output>
          </reporter-output>
        </test-method> <!-- findFlightPage -->
        <test-method status="PASS" signature="flightConfirmationPage()[pri:0, instance:com.newtours.tests.BookFlightTest@1e643faf]" name="flightConfirmationPage" duration-ms="303" started-at="2021-12-09T23:04:03Z" depends-on-methods="com.newtours.tests.BookFlightTest.findFlightPage" finished-at="2021-12-09T23:04:04Z">
          <reporter-output>
          </reporter-output>
        </test-method> <!-- flightConfirmationPage -->
        <test-method status="PASS" signature="quitBrowser()[pri:0, instance:com.newtours.tests.BookFlightTest@1e643faf]" name="quitBrowser" is-config="true" duration-ms="62" started-at="2021-12-09T23:04:04Z" finished-at="2021-12-09T23:04:04Z">
          <reporter-output>
          </reporter-output>
        </test-method> <!-- quitBrowser -->
      </class> <!-- com.newtours.tests.BookFlightTest -->
    </test> <!-- book-flight-4 -->
    <test name="book-flight-1" duration-ms="16367" started-at="2021-12-09T23:03:55Z" finished-at="2021-12-09T23:04:11Z">
      <class name="com.newtours.tests.BookFlightTest">
        <test-method status="PASS" signature="SetupDriver()[pri:0, instance:com.newtours.tests.BookFlightTest@16c0663d]" name="SetupDriver" is-config="true" duration-ms="9596" started-at="2021-12-09T23:03:55Z" finished-at="2021-12-09T23:04:05Z">
          <reporter-output>
          </reporter-output>
        </test-method> <!-- SetupDriver -->
        <test-method status="PASS" signature="setupParameters(java.lang.String, java.lang.String)[pri:0, instance:com.newtours.tests.BookFlightTest@16c0663d]" name="setupParameters" is-config="true" duration-ms="0" started-at="2021-12-09T23:04:05Z" depends-on-methods="com.tests.BaseTest.SetupDriver" finished-at="2021-12-09T23:04:05Z">
          <params>
            <param index="0">
              <value>
                <![CDATA[1]]>
              </value>
            </param>
            <param index="1">
              <value>
                <![CDATA[$584 USD]]>
              </value>
            </param>
          </params>
          <reporter-output>
          </reporter-output>
        </test-method> <!-- setupParameters -->
        <test-method status="PASS" signature="registrationPage()[pri:0, instance:com.newtours.tests.BookFlightTest@16c0663d]" name="registrationPage" duration-ms="4360" started-at="2021-12-09T23:04:05Z" finished-at="2021-12-09T23:04:09Z">
          <reporter-output>
          </reporter-output>
        </test-method> <!-- registrationPage -->
        <test-method status="PASS" signature="registrationConfirmationPage()[pri:0, instance:com.newtours.tests.BookFlightTest@16c0663d]" name="registrationConfirmationPage" duration-ms="157" started-at="2021-12-09T23:04:09Z" depends-on-methods="com.newtours.tests.BookFlightTest.registrationPage" finished-at="2021-12-09T23:04:09Z">
          <reporter-output>
          </reporter-output>
        </test-method> <!-- registrationConfirmationPage -->
        <test-method status="PASS" signature="flightDetailsPage()[pri:0, instance:com.newtours.tests.BookFlightTest@16c0663d]" name="flightDetailsPage" duration-ms="1512" started-at="2021-12-09T23:04:09Z" depends-on-methods="com.newtours.tests.BookFlightTest.registrationConfirmationPage" finished-at="2021-12-09T23:04:11Z">
          <reporter-output>
          </reporter-output>
        </test-method> <!-- flightDetailsPage -->
        <test-method status="PASS" signature="findFlightPage()[pri:0, instance:com.newtours.tests.BookFlightTest@16c0663d]" name="findFlightPage" duration-ms="396" started-at="2021-12-09T23:04:11Z" depends-on-methods="com.newtours.tests.BookFlightTest.flightDetailsPage" finished-at="2021-12-09T23:04:11Z">
          <reporter-output>
          </reporter-output>
        </test-method> <!-- findFlightPage -->
        <test-method status="PASS" signature="flightConfirmationPage()[pri:0, instance:com.newtours.tests.BookFlightTest@16c0663d]" name="flightConfirmationPage" duration-ms="283" started-at="2021-12-09T23:04:11Z" depends-on-methods="com.newtours.tests.BookFlightTest.findFlightPage" finished-at="2021-12-09T23:04:11Z">
          <reporter-output>
          </reporter-output>
        </test-method> <!-- flightConfirmationPage -->
        <test-method status="PASS" signature="quitBrowser()[pri:0, instance:com.newtours.tests.BookFlightTest@16c0663d]" name="quitBrowser" is-config="true" duration-ms="60" started-at="2021-12-09T23:04:11Z" finished-at="2021-12-09T23:04:11Z">
          <reporter-output>
          </reporter-output>
        </test-method> <!-- quitBrowser -->
      </class> <!-- com.newtours.tests.BookFlightTest -->
    </test> <!-- book-flight-1 -->
    <test name="book-flight-3" duration-ms="25759" started-at="2021-12-09T23:03:55Z" finished-at="2021-12-09T23:04:21Z">
      <class name="com.newtours.tests.BookFlightTest">
        <test-method status="PASS" signature="SetupDriver()[pri:0, instance:com.newtours.tests.BookFlightTest@58ceff1]" name="SetupDriver" is-config="true" duration-ms="17108" started-at="2021-12-09T23:03:55Z" finished-at="2021-12-09T23:04:12Z">
          <reporter-output>
          </reporter-output>
        </test-method> <!-- SetupDriver -->
        <test-method status="PASS" signature="setupParameters(java.lang.String, java.lang.String)[pri:0, instance:com.newtours.tests.BookFlightTest@58ceff1]" name="setupParameters" is-config="true" duration-ms="1" started-at="2021-12-09T23:04:12Z" depends-on-methods="com.tests.BaseTest.SetupDriver" finished-at="2021-12-09T23:04:12Z">
          <params>
            <param index="0">
              <value>
                <![CDATA[3]]>
              </value>
            </param>
            <param index="1">
              <value>
                <![CDATA[$1753 USD]]>
              </value>
            </param>
          </params>
          <reporter-output>
          </reporter-output>
        </test-method> <!-- setupParameters -->
        <test-method status="PASS" signature="registrationPage()[pri:0, instance:com.newtours.tests.BookFlightTest@58ceff1]" name="registrationPage" duration-ms="6230" started-at="2021-12-09T23:04:12Z" finished-at="2021-12-09T23:04:18Z">
          <reporter-output>
          </reporter-output>
        </test-method> <!-- registrationPage -->
        <test-method status="PASS" signature="registrationConfirmationPage()[pri:0, instance:com.newtours.tests.BookFlightTest@58ceff1]" name="registrationConfirmationPage" duration-ms="161" started-at="2021-12-09T23:04:18Z" depends-on-methods="com.newtours.tests.BookFlightTest.registrationPage" finished-at="2021-12-09T23:04:18Z">
          <reporter-output>
          </reporter-output>
        </test-method> <!-- registrationConfirmationPage -->
        <test-method status="PASS" signature="flightDetailsPage()[pri:0, instance:com.newtours.tests.BookFlightTest@58ceff1]" name="flightDetailsPage" duration-ms="1539" started-at="2021-12-09T23:04:18Z" depends-on-methods="com.newtours.tests.BookFlightTest.registrationConfirmationPage" finished-at="2021-12-09T23:04:20Z">
          <reporter-output>
          </reporter-output>
        </test-method> <!-- flightDetailsPage -->
        <test-method status="PASS" signature="findFlightPage()[pri:0, instance:com.newtours.tests.BookFlightTest@58ceff1]" name="findFlightPage" duration-ms="364" started-at="2021-12-09T23:04:20Z" depends-on-methods="com.newtours.tests.BookFlightTest.flightDetailsPage" finished-at="2021-12-09T23:04:20Z">
          <reporter-output>
          </reporter-output>
        </test-method> <!-- findFlightPage -->
        <test-method status="PASS" signature="flightConfirmationPage()[pri:0, instance:com.newtours.tests.BookFlightTest@58ceff1]" name="flightConfirmationPage" duration-ms="292" started-at="2021-12-09T23:04:20Z" depends-on-methods="com.newtours.tests.BookFlightTest.findFlightPage" finished-at="2021-12-09T23:04:21Z">
          <reporter-output>
          </reporter-output>
        </test-method> <!-- flightConfirmationPage -->
        <test-method status="PASS" signature="quitBrowser()[pri:0, instance:com.newtours.tests.BookFlightTest@58ceff1]" name="quitBrowser" is-config="true" duration-ms="62" started-at="2021-12-09T23:04:21Z" finished-at="2021-12-09T23:04:21Z">
          <reporter-output>
          </reporter-output>
        </test-method> <!-- quitBrowser -->
      </class> <!-- com.newtours.tests.BookFlightTest -->
    </test> <!-- book-flight-3 -->
    <test name="book-flight-2" duration-ms="43398" started-at="2021-12-09T23:03:55Z" finished-at="2021-12-09T23:04:38Z">
      <class name="com.newtours.tests.BookFlightTest">
        <test-method status="PASS" signature="SetupDriver()[pri:0, instance:com.newtours.tests.BookFlightTest@6b71769e]" name="SetupDriver" is-config="true" duration-ms="26687" started-at="2021-12-09T23:03:55Z" finished-at="2021-12-09T23:04:22Z">
          <reporter-output>
          </reporter-output>
        </test-method> <!-- SetupDriver -->
        <test-method status="PASS" signature="setupParameters(java.lang.String, java.lang.String)[pri:0, instance:com.newtours.tests.BookFlightTest@6b71769e]" name="setupParameters" is-config="true" duration-ms="0" started-at="2021-12-09T23:04:22Z" depends-on-methods="com.tests.BaseTest.SetupDriver" finished-at="2021-12-09T23:04:22Z">
          <params>
            <param index="0">
              <value>
                <![CDATA[2]]>
              </value>
            </param>
            <param index="1">
              <value>
                <![CDATA[$1169 USD]]>
              </value>
            </param>
          </params>
          <reporter-output>
          </reporter-output>
        </test-method> <!-- setupParameters -->
        <test-method status="PASS" signature="registrationPage()[pri:0, instance:com.newtours.tests.BookFlightTest@6b71769e]" name="registrationPage" duration-ms="14345" started-at="2021-12-09T23:04:22Z" finished-at="2021-12-09T23:04:36Z">
          <reporter-output>
          </reporter-output>
        </test-method> <!-- registrationPage -->
        <test-method status="PASS" signature="registrationConfirmationPage()[pri:0, instance:com.newtours.tests.BookFlightTest@6b71769e]" name="registrationConfirmationPage" duration-ms="175" started-at="2021-12-09T23:04:36Z" depends-on-methods="com.newtours.tests.BookFlightTest.registrationPage" finished-at="2021-12-09T23:04:36Z">
          <reporter-output>
          </reporter-output>
        </test-method> <!-- registrationConfirmationPage -->
        <test-method status="PASS" signature="flightDetailsPage()[pri:0, instance:com.newtours.tests.BookFlightTest@6b71769e]" name="flightDetailsPage" duration-ms="1413" started-at="2021-12-09T23:04:36Z" depends-on-methods="com.newtours.tests.BookFlightTest.registrationConfirmationPage" finished-at="2021-12-09T23:04:38Z">
          <reporter-output>
          </reporter-output>
        </test-method> <!-- flightDetailsPage -->
        <test-method status="PASS" signature="findFlightPage()[pri:0, instance:com.newtours.tests.BookFlightTest@6b71769e]" name="findFlightPage" duration-ms="371" started-at="2021-12-09T23:04:38Z" depends-on-methods="com.newtours.tests.BookFlightTest.flightDetailsPage" finished-at="2021-12-09T23:04:38Z">
          <reporter-output>
          </reporter-output>
        </test-method> <!-- findFlightPage -->
        <test-method status="PASS" signature="flightConfirmationPage()[pri:0, instance:com.newtours.tests.BookFlightTest@6b71769e]" name="flightConfirmationPage" duration-ms="344" started-at="2021-12-09T23:04:38Z" depends-on-methods="com.newtours.tests.BookFlightTest.findFlightPage" finished-at="2021-12-09T23:04:38Z">
          <reporter-output>
          </reporter-output>
        </test-method> <!-- flightConfirmationPage -->
        <test-method status="PASS" signature="quitBrowser()[pri:0, instance:com.newtours.tests.BookFlightTest@6b71769e]" name="quitBrowser" is-config="true" duration-ms="60" started-at="2021-12-09T23:04:38Z" finished-at="2021-12-09T23:04:38Z">
          <reporter-output>
          </reporter-output>
        </test-method> <!-- quitBrowser -->
      </class> <!-- com.newtours.tests.BookFlightTest -->
    </test> <!-- book-flight-2 -->
  </suite> <!-- book-flight-module -->
</testng-results>
