<?xml version="1.0" encoding="UTF-8"?>
<testng-results skipped="0" failed="0" ignored="0" total="20" passed="20">
  <reporter-output>
  </reporter-output>
  <suite name="book-flight-module" duration-ms="69675" started-at="2021-12-09T23:03:55Z" finished-at="2021-12-09T23:05:05Z">
    <groups>
    </groups>
    <test name="book-flight-2" duration-ms="19396" started-at="2021-12-09T23:03:55Z" finished-at="2021-12-09T23:04:14Z">
      <class name="com.newtours.tests.BookFlightTest">
        <test-method status="PASS" signature="SetupDriver()[pri:0, instance:com.newtours.tests.BookFlightTest@6b71769e]" name="SetupDriver" is-config="true" duration-ms="10244" started-at="2021-12-09T23:03:55Z" finished-at="2021-12-09T23:04:05Z">
          <reporter-output>
          </reporter-output>
        </test-method> <!-- SetupDriver -->
        <test-method status="PASS" signature="setupParameters(java.lang.String, java.lang.String)[pri:0, instance:com.newtours.tests.BookFlightTest@6b71769e]" name="setupParameters" is-config="true" duration-ms="9" started-at="2021-12-09T23:04:05Z" depends-on-methods="com.tests.BaseTest.SetupDriver" finished-at="2021-12-09T23:04:05Z">
          <params>
            <param index="0">
              <value>
                <![CDATA[2]]>
              </value>
            </param>
            <param index="1">
              <value>
                <![CDATA[$1169 USD]]>
              </value>
            </param>
          </params>
          <reporter-output>
          </reporter-output>
        </test-method> <!-- setupParameters -->
        <test-method status="PASS" signature="registrationPage()[pri:0, instance:com.newtours.tests.BookFlightTest@6b71769e]" name="registrationPage" duration-ms="5415" started-at="2021-12-09T23:04:05Z" finished-at="2021-12-09T23:04:11Z">
          <reporter-output>
          </reporter-output>
        </test-method> <!-- registrationPage -->
        <test-method status="PASS" signature="registrationConfirmationPage()[pri:0, instance:com.newtours.tests.BookFlightTest@6b71769e]" name="registrationConfirmationPage" duration-ms="158" started-at="2021-12-09T23:04:11Z" depends-on-methods="com.newtours.tests.BookFlightTest.registrationPage" finished-at="2021-12-09T23:04:11Z">
          <reporter-output>
          </reporter-output>
        </test-method> <!-- registrationConfirmationPage -->
        <test-method status="PASS" signature="flightDetailsPage()[pri:0, instance:com.newtours.tests.BookFlightTest@6b71769e]" name="flightDetailsPage" duration-ms="1875" started-at="2021-12-09T23:04:11Z" depends-on-methods="com.newtours.tests.BookFlightTest.registrationConfirmationPage" finished-at="2021-12-09T23:04:13Z">
          <reporter-output>
          </reporter-output>
        </test-method> <!-- flightDetailsPage -->
        <test-method status="PASS" signature="findFlightPage()[pri:0, instance:com.newtours.tests.BookFlightTest@6b71769e]" name="findFlightPage" duration-ms="669" started-at="2021-12-09T23:04:13Z" depends-on-methods="com.newtours.tests.BookFlightTest.flightDetailsPage" finished-at="2021-12-09T23:04:13Z">
          <reporter-output>
          </reporter-output>
        </test-method> <!-- findFlightPage -->
        <test-method status="PASS" signature="flightConfirmationPage()[pri:0, instance:com.newtours.tests.BookFlightTest@6b71769e]" name="flightConfirmationPage" duration-ms="490" started-at="2021-12-09T23:04:13Z" depends-on-methods="com.newtours.tests.BookFlightTest.findFlightPage" finished-at="2021-12-09T23:04:14Z">
          <reporter-output>
          </reporter-output>
        </test-method> <!-- flightConfirmationPage -->
        <test-method status="PASS" signature="quitBrowser()[pri:0, instance:com.newtours.tests.BookFlightTest@6b71769e]" name="quitBrowser" is-config="true" duration-ms="511" started-at="2021-12-09T23:04:14Z" finished-at="2021-12-09T23:04:14Z">
          <reporter-output>
          </reporter-output>
        </test-method> <!-- quitBrowser -->
      </class> <!-- com.newtours.tests.BookFlightTest -->
    </test> <!-- book-flight-2 -->
    <test name="book-flight-1" duration-ms="41488" started-at="2021-12-09T23:03:55Z" finished-at="2021-12-09T23:04:36Z">
      <class name="com.newtours.tests.BookFlightTest">
        <test-method status="PASS" signature="SetupDriver()[pri:0, instance:com.newtours.tests.BookFlightTest@16c0663d]" name="SetupDriver" is-config="true" duration-ms="21408" started-at="2021-12-09T23:03:55Z" finished-at="2021-12-09T23:04:16Z">
          <reporter-output>
          </reporter-output>
        </test-method> <!-- SetupDriver -->
        <test-method status="PASS" signature="setupParameters(java.lang.String, java.lang.String)[pri:0, instance:com.newtours.tests.BookFlightTest@16c0663d]" name="setupParameters" is-config="true" duration-ms="0" started-at="2021-12-09T23:04:16Z" depends-on-methods="com.tests.BaseTest.SetupDriver" finished-at="2021-12-09T23:04:16Z">
          <params>
            <param index="0">
              <value>
                <![CDATA[1]]>
              </value>
            </param>
            <param index="1">
              <value>
                <![CDATA[$584 USD]]>
              </value>
            </param>
          </params>
          <reporter-output>
          </reporter-output>
        </test-method> <!-- setupParameters -->
        <test-method status="PASS" signature="registrationPage()[pri:0, instance:com.newtours.tests.BookFlightTest@16c0663d]" name="registrationPage" duration-ms="16428" started-at="2021-12-09T23:04:16Z" finished-at="2021-12-09T23:04:33Z">
          <reporter-output>
          </reporter-output>
        </test-method> <!-- registrationPage -->
        <test-method status="PASS" signature="registrationConfirmationPage()[pri:0, instance:com.newtours.tests.BookFlightTest@16c0663d]" name="registrationConfirmationPage" duration-ms="185" started-at="2021-12-09T23:04:33Z" depends-on-methods="com.newtours.tests.BookFlightTest.registrationPage" finished-at="2021-12-09T23:04:33Z">
          <reporter-output>
          </reporter-output>
        </test-method> <!-- registrationConfirmationPage -->
        <test-method status="PASS" signature="flightDetailsPage()[pri:0, instance:com.newtours.tests.BookFlightTest@16c0663d]" name="flightDetailsPage" duration-ms="1563" started-at="2021-12-09T23:04:33Z" depends-on-methods="com.newtours.tests.BookFlightTest.registrationConfirmationPage" finished-at="2021-12-09T23:04:34Z">
          <reporter-output>
          </reporter-output>
        </test-method> <!-- flightDetailsPage -->
        <test-method status="PASS" signature="findFlightPage()[pri:0, instance:com.newtours.tests.BookFlightTest@16c0663d]" name="findFlightPage" duration-ms="672" started-at="2021-12-09T23:04:34Z" depends-on-methods="com.newtours.tests.BookFlightTest.flightDetailsPage" finished-at="2021-12-09T23:04:35Z">
          <reporter-output>
          </reporter-output>
        </test-method> <!-- findFlightPage -->
        <test-method status="PASS" signature="flightConfirmationPage()[pri:0, instance:com.newtours.tests.BookFlightTest@16c0663d]" name="flightConfirmationPage" duration-ms="445" started-at="2021-12-09T23:04:35Z" depends-on-methods="com.newtours.tests.BookFlightTest.findFlightPage" finished-at="2021-12-09T23:04:36Z">
          <reporter-output>
          </reporter-output>
        </test-method> <!-- flightConfirmationPage -->
        <test-method status="PASS" signature="quitBrowser()[pri:0, instance:com.newtours.tests.BookFlightTest@16c0663d]" name="quitBrowser" is-config="true" duration-ms="782" started-at="2021-12-09T23:04:36Z" finished-at="2021-12-09T23:04:36Z">
          <reporter-output>
          </reporter-output>
        </test-method> <!-- quitBrowser -->
      </class> <!-- com.newtours.tests.BookFlightTest -->
    </test> <!-- book-flight-1 -->
    <test name="book-flight-4" duration-ms="56443" started-at="2021-12-09T23:03:55Z" finished-at="2021-12-09T23:04:51Z">
      <class name="com.newtours.tests.BookFlightTest">
        <test-method status="PASS" signature="SetupDriver()[pri:0, instance:com.newtours.tests.BookFlightTest@1e643faf]" name="SetupDriver" is-config="true" duration-ms="43750" started-at="2021-12-09T23:03:55Z" finished-at="2021-12-09T23:04:39Z">
          <reporter-output>
          </reporter-output>
        </test-method> <!-- SetupDriver -->
        <test-method status="PASS" signature="setupParameters(java.lang.String, java.lang.String)[pri:0, instance:com.newtours.tests.BookFlightTest@1e643faf]" name="setupParameters" is-config="true" duration-ms="4" started-at="2021-12-09T23:04:39Z" depends-on-methods="com.tests.BaseTest.SetupDriver" finished-at="2021-12-09T23:04:39Z">
          <params>
            <param index="0">
              <value>
                <![CDATA[4]]>
              </value>
            </param>
            <param index="1">
              <value>
                <![CDATA[$2338 USD]]>
              </value>
            </param>
          </params>
          <reporter-output>
          </reporter-output>
        </test-method> <!-- setupParameters -->
        <test-method status="PASS" signature="registrationPage()[pri:0, instance:com.newtours.tests.BookFlightTest@1e643faf]" name="registrationPage" duration-ms="9039" started-at="2021-12-09T23:04:39Z" finished-at="2021-12-09T23:04:48Z">
          <reporter-output>
          </reporter-output>
        </test-method> <!-- registrationPage -->
        <test-method status="PASS" signature="registrationConfirmationPage()[pri:0, instance:com.newtours.tests.BookFlightTest@1e643faf]" name="registrationConfirmationPage" duration-ms="159" started-at="2021-12-09T23:04:48Z" depends-on-methods="com.newtours.tests.BookFlightTest.registrationPage" finished-at="2021-12-09T23:04:48Z">
          <reporter-output>
          </reporter-output>
        </test-method> <!-- registrationConfirmationPage -->
        <test-method status="PASS" signature="flightDetailsPage()[pri:0, instance:com.newtours.tests.BookFlightTest@1e643faf]" name="flightDetailsPage" duration-ms="1732" started-at="2021-12-09T23:04:48Z" depends-on-methods="com.newtours.tests.BookFlightTest.registrationConfirmationPage" finished-at="2021-12-09T23:04:50Z">
          <reporter-output>
          </reporter-output>
        </test-method> <!-- flightDetailsPage -->
        <test-method status="PASS" signature="findFlightPage()[pri:0, instance:com.newtours.tests.BookFlightTest@1e643faf]" name="findFlightPage" duration-ms="810" started-at="2021-12-09T23:04:50Z" depends-on-methods="com.newtours.tests.BookFlightTest.flightDetailsPage" finished-at="2021-12-09T23:04:50Z">
          <reporter-output>
          </reporter-output>
        </test-method> <!-- findFlightPage -->
        <test-method status="PASS" signature="flightConfirmationPage()[pri:0, instance:com.newtours.tests.BookFlightTest@1e643faf]" name="flightConfirmationPage" duration-ms="437" started-at="2021-12-09T23:04:50Z" depends-on-methods="com.newtours.tests.BookFlightTest.findFlightPage" finished-at="2021-12-09T23:04:51Z">
          <reporter-output>
          </reporter-output>
        </test-method> <!-- flightConfirmationPage -->
        <test-method status="PASS" signature="quitBrowser()[pri:0, instance:com.newtours.tests.BookFlightTest@1e643faf]" name="quitBrowser" is-config="true" duration-ms="509" started-at="2021-12-09T23:04:51Z" finished-at="2021-12-09T23:04:51Z">
          <reporter-output>
          </reporter-output>
        </test-method> <!-- quitBrowser -->
      </class> <!-- com.newtours.tests.BookFlightTest -->
    </test> <!-- book-flight-4 -->
    <test name="book-flight-3" duration-ms="69672" started-at="2021-12-09T23:03:55Z" finished-at="2021-12-09T23:05:05Z">
      <class name="com.newtours.tests.BookFlightTest">
        <test-method status="PASS" signature="SetupDriver()[pri:0, instance:com.newtours.tests.BookFlightTest@58ceff1]" name="SetupDriver" is-config="true" duration-ms="58196" started-at="2021-12-09T23:03:55Z" finished-at="2021-12-09T23:04:53Z">
          <reporter-output>
          </reporter-output>
        </test-method> <!-- SetupDriver -->
        <test-method status="PASS" signature="setupParameters(java.lang.String, java.lang.String)[pri:0, instance:com.newtours.tests.BookFlightTest@58ceff1]" name="setupParameters" is-config="true" duration-ms="0" started-at="2021-12-09T23:04:53Z" depends-on-methods="com.tests.BaseTest.SetupDriver" finished-at="2021-12-09T23:04:53Z">
          <params>
            <param index="0">
              <value>
                <![CDATA[3]]>
              </value>
            </param>
            <param index="1">
              <value>
                <![CDATA[$1753 USD]]>
              </value>
            </param>
          </params>
          <reporter-output>
          </reporter-output>
        </test-method> <!-- setupParameters -->
        <test-method status="PASS" signature="registrationPage()[pri:0, instance:com.newtours.tests.BookFlightTest@58ceff1]" name="registrationPage" duration-ms="8026" started-at="2021-12-09T23:04:53Z" finished-at="2021-12-09T23:05:01Z">
          <reporter-output>
          </reporter-output>
        </test-method> <!-- registrationPage -->
        <test-method status="PASS" signature="registrationConfirmationPage()[pri:0, instance:com.newtours.tests.BookFlightTest@58ceff1]" name="registrationConfirmationPage" duration-ms="149" started-at="2021-12-09T23:05:01Z" depends-on-methods="com.newtours.tests.BookFlightTest.registrationPage" finished-at="2021-12-09T23:05:01Z">
          <reporter-output>
          </reporter-output>
        </test-method> <!-- registrationConfirmationPage -->
        <test-method status="PASS" signature="flightDetailsPage()[pri:0, instance:com.newtours.tests.BookFlightTest@58ceff1]" name="flightDetailsPage" duration-ms="1708" started-at="2021-12-09T23:05:01Z" depends-on-methods="com.newtours.tests.BookFlightTest.registrationConfirmationPage" finished-at="2021-12-09T23:05:03Z">
          <reporter-output>
          </reporter-output>
        </test-method> <!-- flightDetailsPage -->
        <test-method status="PASS" signature="findFlightPage()[pri:0, instance:com.newtours.tests.BookFlightTest@58ceff1]" name="findFlightPage" duration-ms="624" started-at="2021-12-09T23:05:03Z" depends-on-methods="com.newtours.tests.BookFlightTest.flightDetailsPage" finished-at="2021-12-09T23:05:04Z">
          <reporter-output>
          </reporter-output>
        </test-method> <!-- findFlightPage -->
        <test-method status="PASS" signature="flightConfirmationPage()[pri:0, instance:com.newtours.tests.BookFlightTest@58ceff1]" name="flightConfirmationPage" duration-ms="354" started-at="2021-12-09T23:05:04Z" depends-on-methods="com.newtours.tests.BookFlightTest.findFlightPage" finished-at="2021-12-09T23:05:04Z">
          <reporter-output>
          </reporter-output>
        </test-method> <!-- flightConfirmationPage -->
        <test-method status="PASS" signature="quitBrowser()[pri:0, instance:com.newtours.tests.BookFlightTest@58ceff1]" name="quitBrowser" is-config="true" duration-ms="611" started-at="2021-12-09T23:05:04Z" finished-at="2021-12-09T23:05:05Z">
          <reporter-output>
          </reporter-output>
        </test-method> <!-- quitBrowser -->
      </class> <!-- com.newtours.tests.BookFlightTest -->
    </test> <!-- book-flight-3 -->
  </suite> <!-- book-flight-module -->
</testng-results>
